0 info it worked if it ends with ok
1 verbose cli [ '/usr/local/bin/node', '/usr/local/bin/npm', 'run', 'test' ]
2 info using npm@3.10.6
3 info using node@v4.5.0
4 verbose run-script [ 'pretest', 'test', 'posttest' ]
5 info lifecycle terjeofnorway@1.0.0~pretest: terjeofnorway@1.0.0
6 silly lifecycle terjeofnorway@1.0.0~pretest: no script for pretest, continuing
7 info lifecycle terjeofnorway@1.0.0~test: terjeofnorway@1.0.0
8 verbose lifecycle terjeofnorway@1.0.0~test: unsafe-perm in lifecycle true
9 verbose lifecycle terjeofnorway@1.0.0~test: PATH: /usr/local/lib/node_modules/npm/bin/node-gyp-bin:/Users/terjekarlsen/Development Projects/Web projects/Terjeofnorway.no/source/assets/node_modules/.bin:/Applications/MAMP/bin/php/php5.6.10/bin:/usr/bin:/bin:/usr/sbin:/sbin:/usr/local/bin:/Users/terjekarlsen/SDK/android-sdk/tools:/Users/terjekarlsen/SDK/android-sdk/platform-tools:/usr/local/git/bin
10 verbose lifecycle terjeofnorway@1.0.0~test: CWD: /Users/terjekarlsen/Development Projects/Web projects/Terjeofnorway.no/source/assets
11 silly lifecycle terjeofnorway@1.0.0~test: Args: [ '-c', 'test' ]
12 silly lifecycle terjeofnorway@1.0.0~test: Returned: code: 1  signal: null
13 info lifecycle terjeofnorway@1.0.0~test: Failed to exec test script
14 verbose stack Error: terjeofnorway@1.0.0 test: `test`
14 verbose stack Exit status 1
14 verbose stack     at EventEmitter.<anonymous> (/usr/local/lib/node_modules/npm/lib/utils/lifecycle.js:255:16)
14 verbose stack     at emitTwo (events.js:87:13)
14 verbose stack     at EventEmitter.emit (events.js:172:7)
14 verbose stack     at ChildProcess.<anonymous> (/usr/local/lib/node_modules/npm/lib/utils/spawn.js:40:14)
14 verbose stack     at emitTwo (events.js:87:13)
14 verbose stack     at ChildProcess.emit (events.js:172:7)
14 verbose stack     at maybeClose (internal/child_process.js:829:16)
14 verbose stack     at Process.ChildProcess._handle.onexit (internal/child_process.js:211:5)
15 verbose pkgid terjeofnorway@1.0.0
16 verbose cwd /Users/terjekarlsen/Development Projects/Web projects/Terjeofnorway.no/source/assets
17 error Darwin 16.1.0
18 error argv "/usr/local/bin/node" "/usr/local/bin/npm" "run" "test"
19 error node v4.5.0
20 error npm  v3.10.6
21 error code ELIFECYCLE
22 error terjeofnorway@1.0.0 test: `test`
22 error Exit status 1
23 error Failed at the terjeofnorway@1.0.0 test script 'test'.
23 error Make sure you have the latest version of node.js and npm installed.
23 error If you do, this is most likely a problem with the terjeofnorway package,
23 error not with npm itself.
23 error Tell the author that this fails on your system:
23 error     test
23 error You can get information on how to open an issue for this project with:
23 error     npm bugs terjeofnorway
23 error Or if that isn't available, you can get their info via:
23 error     npm owner ls terjeofnorway
23 error There is likely additional logging output above.
24 verbose exit [ 1, true ]
